#
# A fatal error has been detected by the Java Runtime Environment:
#
#  EXCEPTION_ACCESS_VIOLATION (0xc0000005) at pc=0x00007ffc00dfc530, pid=8708, tid=5156
#
# JRE version: Java(TM) SE Runtime Environment (17.0.2+8) (build 17.0.2+8-LTS-86)
# Java VM: Java HotSpot(TM) 64-Bit Server VM (17.0.2+8-LTS-86, mixed mode, sharing, tiered, compressed oops, compressed class ptrs, g1 gc, windows-amd64)
# Problematic frame:
# C  [lwjgl.dll+0x1c530]
#
# No core dump will be written. Minidumps are not enabled by default on client versions of Windows
#
# If you would like to submit a bug report, please visit:
#   https://bugreport.java.com/bugreport/crash.jsp
# The crash happened outside the Java Virtual Machine in native code.
# See problematic frame for where to report the bug.
#

---------------  S U M M A R Y ------------

Command Line: C:\Users\Skutlis\AppData\Local\Temp\surefire12232132154877224475\surefirebooter14092765702841497850.jar C:\Users\Skutlis\AppData\Local\Temp\surefire12232132154877224475 2022-04-29T16-17-55_743-jvmRun1 surefire14239659444803501117tmp surefire_017951456728858878705tmp

Host: Intel(R) Core(TM) i5-10210U CPU @ 1.60GHz, 8 cores, 15G,  Windows 10 , 64 bit Build 19041 (10.0.19041.1645)
Time: Fri Apr 29 16:18:04 2022 W. Europe Summer Time elapsed time: 7.111269 seconds (0d 0h 0m 7s)

---------------  T H R E A D  ---------------

Current thread (0x000001c74f2fe380):  JavaThread "main" [_thread_in_native, id=5156, stack(0x0000005492900000,0x0000005492a00000)]

Stack: [0x0000005492900000,0x0000005492a00000],  sp=0x00000054929fc848,  free space=1010k
Native frames: (J=compiled Java code, j=interpreted, Vv=VM code, C=native code)
C  [lwjgl.dll+0x1c530]

Java frames: (J=compiled Java code, j=interpreted, Vv=VM code)
j  org.lwjgl.system.dyncall.DynCallback.ndcbGetUserData(J)J+0
j  org.lwjgl.system.dyncall.DynCallback.dcbGetUserData(J)J+12
j  org.lwjgl.system.Callback.get(J)Lorg/lwjgl/system/CallbackI;+1
j  org.lwjgl.glfw.GLFWErrorCallback.create(J)Lorg/lwjgl/glfw/GLFWErrorCallback;+1
j  org.lwjgl.glfw.GLFWErrorCallback.createSafe(J)Lorg/lwjgl/glfw/GLFWErrorCallback;+11
j  org.lwjgl.glfw.GLFW.glfwSetErrorCallback(Lorg/lwjgl/glfw/GLFWErrorCallbackI;)Lorg/lwjgl/glfw/GLFWErrorCallback;+7
j  com.badlogic.gdx.backends.lwjgl3.Lwjgl3Application.initializeGlfw()V+21
j  com.badlogic.gdx.backends.lwjgl3.Lwjgl3Application.<init>(Lcom/badlogic/gdx/ApplicationListener;Lcom/badlogic/gdx/backends/lwjgl3/Lwjgl3ApplicationConfiguration;)V+69
j  Testing.setUp()V+47
v  ~StubRoutines::call_stub
j  jdk.internal.reflect.NativeMethodAccessorImpl.invoke0(Ljava/lang/reflect/Method;Ljava/lang/Object;[Ljava/lang/Object;)Ljava/lang/Object;+0 java.base@17.0.2
j  jdk.internal.reflect.NativeMethodAccessorImpl.invoke(Ljava/lang/Object;[Ljava/lang/Object;)Ljava/lang/Object;+133 java.base@17.0.2
j  jdk.internal.reflect.DelegatingMethodAccessorImpl.invoke(Ljava/lang/Object;[Ljava/lang/Object;)Ljava/lang/Object;+6 java.base@17.0.2
j  java.lang.reflect.Method.invoke(Ljava/lang/Object;[Ljava/lang/Object;)Ljava/lang/Object;+59 java.base@17.0.2
j  org.junit.platform.commons.util.ReflectionUtils.invokeMethod(Ljava/lang/reflect/Method;Ljava/lang/Object;[Ljava/lang/Object;)Ljava/lang/Object;+41
j  org.junit.jupiter.engine.execution.MethodInvocation.proceed()Ljava/lang/Object;+16
j  org.junit.jupiter.engine.execution.InvocationInterceptorChain$ValidatingInvocation.proceed()Ljava/lang/Object;+22
j  org.junit.jupiter.engine.extension.TimeoutExtension.intercept(Lorg/junit/jupiter/api/extension/InvocationInterceptor$Invocation;Lorg/junit/jupiter/api/extension/ReflectiveInvocationContext;Lorg/junit/jupiter/api/extension/ExtensionContext;Lorg/junit/jupiter/engine/extension/TimeoutDuration;Lorg/junit/jupiter/engine/extension/TimeoutExtension$TimeoutProvider;)Ljava/lang/Object;+28
j  org.junit.jupiter.engine.extension.TimeoutExtension.interceptLifecycleMethod(Lorg/junit/jupiter/api/extension/InvocationInterceptor$Invocation;Lorg/junit/jupiter/api/extension/ReflectiveInvocationContext;Lorg/junit/jupiter/api/extension/ExtensionContext;Lorg/junit/jupiter/engine/extension/TimeoutExtension$TimeoutProvider;)V+30
j  org.junit.jupiter.engine.extension.TimeoutExtension.interceptBeforeAllMethod(Lorg/junit/jupiter/api/extension/InvocationInterceptor$Invocation;Lorg/junit/jupiter/api/extension/ReflectiveInvocationContext;Lorg/junit/jupiter/api/extension/ExtensionContext;)V+9
j  org.junit.jupiter.engine.descriptor.ClassBasedTestDescriptor$$Lambda$275+0x0000000800ca2178.apply(Lorg/junit/jupiter/api/extension/InvocationInterceptor;Lorg/junit/jupiter/api/extension/InvocationInterceptor$Invocation;Lorg/junit/jupiter/api/extension/ReflectiveInvocationContext;Lorg/junit/jupiter/api/extension/ExtensionContext;)V+5
j  org.junit.jupiter.engine.execution.ExecutableInvoker$ReflectiveInterceptorCall.lambda$ofVoidMethod$0(Lorg/junit/jupiter/engine/execution/ExecutableInvoker$ReflectiveInterceptorCall$VoidMethodInterceptorCall;Lorg/junit/jupiter/api/extension/InvocationInterceptor;Lorg/junit/jupiter/api/extension/InvocationInterceptor$Invocation;Lorg/junit/jupiter/api/extension/ReflectiveInvocationContext;Lorg/junit/jupiter/api/extension/ExtensionContext;)Ljava/lang/Void;+6
j  org.junit.jupiter.engine.execution.ExecutableInvoker$ReflectiveInterceptorCall$$Lambda$150+0x0000000800c3af30.apply(Lorg/junit/jupiter/api/extension/InvocationInterceptor;Lorg/junit/jupiter/api/extension/InvocationInterceptor$Invocation;Lorg/junit/jupiter/api/extension/ReflectiveInvocationContext;Lorg/junit/jupiter/api/extension/ExtensionContext;)Ljava/lang/Object;+9
j  org.junit.jupiter.engine.execution.ExecutableInvoker.lambda$invoke$0(Lorg/junit/jupiter/engine/execution/ExecutableInvoker$ReflectiveInterceptorCall;Lorg/junit/jupiter/api/extension/ReflectiveInvocationContext;Lorg/junit/jupiter/api/extension/ExtensionContext;Lorg/junit/jupiter/api/extension/InvocationInterceptor;Lorg/junit/jupiter/api/extension/InvocationInterceptor$Invocation;)Ljava/lang/Object;+6
j  org.junit.jupiter.engine.execution.ExecutableInvoker$$Lambda$276+0x0000000800ca2808.apply(Lorg/junit/jupiter/api/extension/InvocationInterceptor;Lorg/junit/jupiter/api/extension/InvocationInterceptor$Invocation;)Ljava/lang/Object;+14
j  org.junit.jupiter.engine.execution.InvocationInterceptorChain$InterceptedInvocation.proceed()Ljava/lang/Object;+12
j  org.junit.jupiter.engine.execution.InvocationInterceptorChain.proceed(Lorg/junit/jupiter/api/extension/InvocationInterceptor$Invocation;)Ljava/lang/Object;+1
j  org.junit.jupiter.engine.execution.InvocationInterceptorChain.chainAndInvoke(Lorg/junit/jupiter/api/extension/InvocationInterceptor$Invocation;Lorg/junit/jupiter/engine/execution/InvocationInterceptorChain$InterceptorCall;Ljava/util/List;)Ljava/lang/Object;+24
j  org.junit.jupiter.engine.execution.InvocationInterceptorChain.invoke(Lorg/junit/jupiter/api/extension/InvocationInterceptor$Invocation;Lorg/junit/jupiter/engine/extension/ExtensionRegistry;Lorg/junit/jupiter/engine/execution/InvocationInterceptorChain$InterceptorCall;)Ljava/lang/Object;+31
j  org.junit.jupiter.engine.execution.ExecutableInvoker.invoke(Lorg/junit/jupiter/api/extension/InvocationInterceptor$Invocation;Lorg/junit/jupiter/api/extension/ReflectiveInvocationContext;Lorg/junit/jupiter/api/extension/ExtensionContext;Lorg/junit/jupiter/engine/extension/ExtensionRegistry;Lorg/junit/jupiter/engine/execution/ExecutableInvoker$ReflectiveInterceptorCall;)Ljava/lang/Object;+15
j  org.junit.jupiter.engine.execution.ExecutableInvoker.invoke(Ljava/lang/reflect/Method;Ljava/lang/Object;Lorg/junit/jupiter/api/extension/ExtensionContext;Lorg/junit/jupiter/engine/extension/ExtensionRegistry;Lorg/junit/jupiter/engine/execution/ExecutableInvoker$ReflectiveInterceptorCall;)Ljava/lang/Object;+56
j  org.junit.jupiter.engine.descriptor.ClassBasedTestDescriptor.lambda$invokeBeforeAllMethods$8(Ljava/lang/reflect/Method;Ljava/lang/Object;Lorg/junit/jupiter/api/extension/ExtensionContext;Lorg/junit/jupiter/engine/extension/ExtensionRegistry;)V+16
j  org.junit.jupiter.engine.descriptor.ClassBasedTestDescriptor$$Lambda$274+0x0000000800ca1f58.execute()V+20
j  org.junit.platform.engine.support.hierarchical.ThrowableCollector.execute(Lorg/junit/platform/engine/support/hierarchical/ThrowableCollector$Executable;)V+1
j  org.junit.jupiter.engine.descriptor.ClassBasedTestDescriptor.invokeBeforeAllMethods(Lorg/junit/jupiter/engine/execution/JupiterEngineExecutionContext;)V+75
j  org.junit.jupiter.engine.descriptor.ClassBasedTestDescriptor.before(Lorg/junit/jupiter/engine/execution/JupiterEngineExecutionContext;)Lorg/junit/jupiter/engine/execution/JupiterEngineExecutionContext;+83
j  org.junit.jupiter.engine.descriptor.ClassBasedTestDescriptor.before(Lorg/junit/platform/engine/support/hierarchical/EngineExecutionContext;)Lorg/junit/platform/engine/support/hierarchical/EngineExecutionContext;+5
j  org.junit.platform.engine.support.hierarchical.NodeTestTask.lambda$executeRecursively$5()V+51
j  org.junit.platform.engine.support.hierarchical.NodeTestTask$$Lambda$224+0x0000000800c97cd8.execute()V+4
j  org.junit.platform.engine.support.hierarchical.ThrowableCollector.execute(Lorg/junit/platform/engine/support/hierarchical/ThrowableCollector$Executable;)V+1
j  org.junit.platform.engine.support.hierarchical.NodeTestTask.lambda$executeRecursively$7(Lorg/junit/platform/engine/support/hierarchical/EngineExecutionContext;)V+15
j  org.junit.platform.engine.support.hierarchical.NodeTestTask$$Lambda$223+0x0000000800c97ab8.invoke(Lorg/junit/platform/engine/support/hierarchical/EngineExecutionContext;)V+5
j  org.junit.platform.engine.support.hierarchical.Node.around(Lorg/junit/platform/engine/support/hierarchical/EngineExecutionContext;Lorg/junit/platform/engine/support/hierarchical/Node$Invocation;)V+2
j  org.junit.platform.engine.support.hierarchical.NodeTestTask.lambda$executeRecursively$8()V+14
j  org.junit.platform.engine.support.hierarchical.NodeTestTask$$Lambda$222+0x0000000800c976a0.execute()V+4
j  org.junit.platform.engine.support.hierarchical.ThrowableCollector.execute(Lorg/junit/platform/engine/support/hierarchical/ThrowableCollector$Executable;)V+1
j  org.junit.platform.engine.support.hierarchical.NodeTestTask.executeRecursively()V+31
j  org.junit.platform.engine.support.hierarchical.NodeTestTask.execute()V+55
j  org.junit.platform.engine.support.hierarchical.SameThreadHierarchicalTestExecutorService$$Lambda$228+0x0000000800c928c0.accept(Ljava/lang/Object;)V+4
j  java.util.ArrayList.forEach(Ljava/util/function/Consumer;)V+46 java.base@17.0.2
j  org.junit.platform.engine.support.hierarchical.SameThreadHierarchicalTestExecutorService.invokeAll(Ljava/util/List;)V+6
j  org.junit.platform.engine.support.hierarchical.NodeTestTask.lambda$executeRecursively$5()V+116
j  org.junit.platform.engine.support.hierarchical.NodeTestTask$$Lambda$224+0x0000000800c97cd8.execute()V+4
j  org.junit.platform.engine.support.hierarchical.ThrowableCollector.execute(Lorg/junit/platform/engine/support/hierarchical/ThrowableCollector$Executable;)V+1
j  org.junit.platform.engine.support.hierarchical.NodeTestTask.lambda$executeRecursively$7(Lorg/junit/platform/engine/support/hierarchical/EngineExecutionContext;)V+15
j  org.junit.platform.engine.support.hierarchical.NodeTestTask$$Lambda$223+0x0000000800c97ab8.invoke(Lorg/junit/platform/engine/support/hierarchical/EngineExecutionContext;)V+5
j  org.junit.platform.engine.support.hierarchical.Node.around(Lorg/junit/platform/engine/support/hierarchical/EngineExecutionContext;Lorg/junit/platform/engine/support/hierarchical/Node$Invocation;)V+2
j  org.junit.platform.engine.support.hierarchical.NodeTestTask.lambda$executeRecursively$8()V+14
j  org.junit.platform.engine.support.hierarchical.NodeTestTask$$Lambda$222+0x0000000800c976a0.execute()V+4
j  org.junit.platform.engine.support.hierarchical.ThrowableCollector.execute(Lorg/junit/platform/engine/support/hierarchical/ThrowableCollector$Executable;)V+1
j  org.junit.platform.engine.support.hierarchical.NodeTestTask.executeRecursively()V+31
j  org.junit.platform.engine.support.hierarchical.NodeTestTask.execute()V+55
j  org.junit.platform.engine.support.hierarchical.SameThreadHierarchicalTestExecutorService.submit(Lorg/junit/platform/engine/support/hierarchical/HierarchicalTestExecutorService$TestTask;)Ljava/util/concurrent/Future;+1
j  org.junit.platform.engine.support.hierarchical.HierarchicalTestExecutor.execute()Ljava/util/concurrent/Future;+74
j  org.junit.platform.engine.support.hierarchical.HierarchicalTestEngine.execute(Lorg/junit/platform/engine/ExecutionRequest;)V+31
j  org.junit.platform.launcher.core.DefaultLauncher.execute(Lorg/junit/platform/engine/TestEngine;Lorg/junit/platform/engine/ExecutionRequest;)V+2
j  org.junit.platform.launcher.core.DefaultLauncher.lambda$execute$6(Lorg/junit/platform/launcher/core/InternalTestPlan;Lorg/junit/platform/launcher/core/Root;Lorg/junit/platform/engine/ConfigurationParameters;Lorg/junit/platform/launcher/TestExecutionListener;)V+76
j  org.junit.platform.launcher.core.DefaultLauncher$$Lambda$188+0x0000000800c83d58.accept(Ljava/lang/Object;)V+20
j  org.junit.platform.launcher.core.DefaultLauncher.withInterceptedStreams(Lorg/junit/platform/engine/ConfigurationParameters;Lorg/junit/platform/launcher/core/TestExecutionListenerRegistry;Ljava/util/function/Consumer;)V+43
j  org.junit.platform.launcher.core.DefaultLauncher.execute(Lorg/junit/platform/launcher/core/InternalTestPlan;[Lorg/junit/platform/launcher/TestExecutionListener;)V+33
j  org.junit.platform.launcher.core.DefaultLauncher.execute(Lorg/junit/platform/launcher/LauncherDiscoveryRequest;[Lorg/junit/platform/launcher/TestExecutionListener;)V+33
j  org.apache.maven.surefire.junitplatform.JUnitPlatformProvider.execute(Lorg/apache/maven/surefire/api/util/TestsToRun;Lorg/apache/maven/surefire/junitplatform/RunListenerAdapter;)V+70
j  org.apache.maven.surefire.junitplatform.JUnitPlatformProvider.invokeAllTests(Lorg/apache/maven/surefire/api/util/TestsToRun;Lorg/apache/maven/surefire/api/report/RunListener;)V+12
j  org.apache.maven.surefire.junitplatform.JUnitPlatformProvider.invoke(Ljava/lang/Object;)Lorg/apache/maven/surefire/api/suite/RunResult;+80
j  org.apache.maven.surefire.booter.ForkedBooter.runSuitesInProcess()V+12
j  org.apache.maven.surefire.booter.ForkedBooter.execute()V+1
j  org.apache.maven.surefire.booter.ForkedBooter.run(Lorg/apache/maven/surefire/booter/ForkedBooter;[Ljava/lang/String;)V+27
j  org.apache.maven.surefire.booter.ForkedBooter.main([Ljava/lang/String;)V+10
v  ~StubRoutines::call_stub

siginfo: EXCEPTION_ACCESS_VIOLATION (0xc0000005), reading address 0x000001c773f90020


Register to memory mapping:

RIP=0x00007ffc00dfc530 lwjgl.dll
RAX=0x00007ffc00df99d0 lwjgl.dll
RBX={method} {0x000001c7746b8ff0} 'ndcbGetUserData' '(J)J' in 'org/lwjgl/system/dyncall/DynCallback'
RCX=0x000001c773f90000 is an unknown value
RDX=0x00000054929fc8d8 is pointing into the stack for thread: 0x000001c74f2fe380
RSP=0x00000054929fc848 is pointing into the stack for thread: 0x000001c74f2fe380
RBP=0x00000054929fc8c8 is pointing into the stack for thread: 0x000001c74f2fe380
RSI=0x0000000000000110 is an unknown value
RDI=0x00000000000005f8 is an unknown value
R8 =0x000001c773f90000 is an unknown value
R9 =0x0000000711e21ef0 is an oop: java.lang.Class 
{0x0000000711e21ef0} - klass: 'java/lang/Class'
 - ---- fields (total size 15 words):
 - private volatile transient 'classRedefinedCount' 'I' @12  0
 - private volatile transient 'cachedConstructor' 'Ljava/lang/reflect/Constructor;' @40  NULL (0)
 - private transient 'name' 'Ljava/lang/String;' @44  "org.lwjgl.system.Checks"{0x0000000711e21f68} (e23c43ed)
 - private transient 'module' 'Ljava/lang/Module;' @48  a 'java/lang/Module'{0x0000000704a14840} (e0942908)
 - private final 'classLoader' 'Ljava/lang/ClassLoader;' @52  a 'jdk/internal/loader/ClassLoaders$AppClassLoader'{0x0000000704a01920} (e0940324)
 - private transient 'classData' 'Ljava/lang/Object;' @56  NULL (0)
 - private transient 'packageName' 'Ljava/lang/String;' @60  "org.lwjgl.system"{0x0000000704a60270} (e094c04e)
 - private final 'componentType' 'Ljava/lang/Class;' @64  NULL (0)
 - private volatile transient 'reflectionData' 'Ljava/lang/ref/SoftReference;' @68  NULL (0)
 - private volatile transient 'genericInfo' 'Lsun/reflect/generics/repository/ClassRepository;' @72  NULL (0)
 - private volatile transient 'enumConstants' '[Ljava/lang/Object;' @76  NULL (0)
 - private volatile transient 'enumConstantDirectory' 'Ljava/util/Map;' @80  NULL (0)
 - private volatile transient 'annotationData' 'Ljava/lang/Class$AnnotationData;' @84  NULL (0)
 - private volatile transient 'annotationType' 'Lsun/reflect/annotation/AnnotationType;' @88  NULL (0)
 - transient 'classValueMap' 'Ljava/lang/ClassValue$ClassValueMap;' @92  NULL (0)
 - signature: Lorg/lwjgl/system/Checks;
 - fake entry for mirror: 'org/lwjgl/system/Checks'
 - fake entry for array: NULL
 - fake entry for oop_size: 15
 - fake entry for static_oop_field_count: 0
 - public static final 'CHECKS' 'Z' @112  true
 - public static final 'DEBUG' 'Z' @113  false
 - public static final 'DEBUG_FUNCTIONS' 'Z' @114  false
R10=0x000001c75836d5f2 is at code_begin+946 in an Interpreter codelet
method entry point (kind = native)  [0x000001c75836d240, 0x000001c75836dbc0]  2432 bytes
R11=0x0000000711f04570 is an oop: java.lang.Class 
{0x0000000711f04570} - klass: 'java/lang/Class'
 - ---- fields (total size 16 words):
 - private volatile transient 'classRedefinedCount' 'I' @12  0
 - private volatile transient 'cachedConstructor' 'Ljava/lang/reflect/Constructor;' @40  NULL (0)
 - private transient 'name' 'Ljava/lang/String;' @44  "org.lwjgl.system.dyncall.DynCallback"{0x0000000711f045f0} (e23e08be)
 - private transient 'module' 'Ljava/lang/Module;' @48  a 'java/lang/Module'{0x0000000704a14840} (e0942908)
 - private final 'classLoader' 'Ljava/lang/ClassLoader;' @52  a 'jdk/internal/loader/ClassLoaders$AppClassLoader'{0x0000000704a01920} (e0940324)
 - private transient 'classData' 'Ljava/lang/Object;' @56  NULL (0)
 - private transient 'packageName' 'Ljava/lang/String;' @60  "org.lwjgl.system.dyncall"{0x0000000711e4e9a0} (e23c9d34)
 - private final 'componentType' 'Ljava/lang/Class;' @64  NULL (0)
 - private volatile transient 'reflectionData' 'Ljava/lang/ref/SoftReference;' @68  NULL (0)
 - private volatile transient 'genericInfo' 'Lsun/reflect/generics/repository/ClassRepository;' @72  NULL (0)
 - private volatile transient 'enumConstants' '[Ljava/lang/Object;' @76  NULL (0)
 - private volatile transient 'enumConstantDirectory' 'Ljava/util/Map;' @80  NULL (0)
 - private volatile transient 'annotationData' 'Ljava/lang/Class$AnnotationData;' @84  NULL (0)
 - private volatile transient 'annotationType' 'Lsun/reflect/annotation/AnnotationType;' @88  NULL (0)
 - transient 'classValueMap' 'Ljava/lang/ClassValue$ClassValueMap;' @92  NULL (0)
 - signature: Lorg/lwjgl/system/dyncall/DynCallback;
 - fake entry for mirror: 'org/lwjgl/system/dyncall/DynCallback'
 - fake entry for array: NULL
 - fake entry for oop_size: 16
 - fake entry for static_oop_field_count: 0
 - public static final 'DCB_SIGCHAR_CC_PREFIX' 'C' @112  _ 95 (5f)
 - public static final 'DCB_SIGCHAR_CC_ELLIPSIS' 'C' @114  e 101 (65)
 - public static final 'DCB_SIGCHAR_CC_STDCALL' 'C' @116  s 115 (73)
 - public static final 'DCB_SIGCHAR_CC_FASTCALL_GNU' 'C' @118  f 102 (66)
 - public static final 'DCB_SIGCHAR_CC_FASTCALL_MS' 'C' @120  F 70 (46)
 - public static final 'DCB_SIGCHAR_CC_THISCALL_MS' 'C' @122  + 43 (2b)
R12=0x0 is NULL
R13={method} {0x000001c7746b8ff0} 'ndcbGetUserData' '(J)J' in 'org/lwjgl/system/dyncall/DynCallback'
R14=0x00000054929fc8f0 is pointing into the stack for thread: 0x000001c74f2fe380
R15=0x000001c74f2fe380 is a thread


Registers:
RAX=0x00007ffc00df99d0, RBX=0x000001c7746b8fe8, RCX=0x000001c773f90000, RDX=0x00000054929fc8d8
RSP=0x00000054929fc848, RBP=0x00000054929fc8c8, RSI=0x0000000000000110, RDI=0x00000000000005f8
R8 =0x000001c773f90000, R9 =0x0000000711e21ef0, R10=0x000001c75836d5f2, R11=0x0000000711f04570
R12=0x0000000000000000, R13=0x000001c7746b8fe8, R14=0x00000054929fc8f0, R15=0x000001c74f2fe380
RIP=0x00007ffc00dfc530, EFLAGS=0x0000000000010206

Top of Stack: (sp=0x00000054929fc848)
0x00000054929fc848:   000001c75836d621 000001c74f2fe380
0x00000054929fc858:   0000000000000001 0000000000000000
0x00000054929fc868:   0000000000000007 000000000000000d
0x00000054929fc878:   000001c7746147c8 00000054929fc880
0x00000054929fc888:   0000000000000000 00000054929fc8f0
0x00000054929fc898:   000001c7746ba838 0000000000000000
0x00000054929fc8a8:   0000000711f04570 000001c7746b8fe8
0x00000054929fc8b8:   0000000000000000 00000054929fc8e8
0x00000054929fc8c8:   00000054929fc940 000001c7583695cd
0x00000054929fc8d8:   0000000711f04570 000001c75836af77
0x00000054929fc8e8:   000001c773f90000 0000000000000000
0x00000054929fc8f8:   00000054929fc8f8 000001c7746b908c
0x00000054929fc908:   00000054929fc958 000001c7746ba838
0x00000054929fc918:   0000000000000000 0000000711f04570
0x00000054929fc928:   000001c7746b90b8 00000054929fc8e8
0x00000054929fc938:   00000054929fc950 00000054929fc9a8 

Instructions: (pc=0x00007ffc00dfc530)
0x00007ffc00dfc430:   48 63 41 08 4c 8b c1 83 f8 04 7d 0f 48 8b d0 ff
0x00007ffc00dfc440:   c0 89 41 08 f2 0f 10 44 d1 30 c3 48 8b 09 48 8d
0x00007ffc00dfc450:   41 08 49 89 00 f2 0f 10 01 c3 cc cc cc cc cc cc
0x00007ffc00dfc460:   48 63 41 08 4c 8b c1 83 f8 04 7d 0f 48 8b d0 ff
0x00007ffc00dfc470:   c0 89 41 08 f3 0f 10 44 d1 30 c3 48 8b 09 48 8d
0x00007ffc00dfc480:   41 08 49 89 00 f3 0f 10 01 c3 cc cc cc cc cc cc
0x00007ffc00dfc490:   4c 8b c1 48 63 49 08 83 f9 04 7d 0f 8d 41 01 49
0x00007ffc00dfc4a0:   8d 14 c8 41 89 40 08 8b 42 10 c3 49 8b 08 48 8d
0x00007ffc00dfc4b0:   41 08 49 89 00 8b 01 c3 cc cc cc cc cc cc cc cc
0x00007ffc00dfc4c0:   48 63 51 08 4c 8b c1 83 fa 04 7d 0e 48 8b c2 ff
0x00007ffc00dfc4d0:   c2 89 51 08 48 8b 44 c1 10 c3 48 8b 01 48 8d 48
0x00007ffc00dfc4e0:   08 49 89 08 48 8b 00 c3 cc cc cc cc cc cc cc cc
0x00007ffc00dfc4f0:   4c 8b c1 48 63 49 08 83 f9 04 7d 10 8d 41 01 49
0x00007ffc00dfc500:   8d 14 c8 41 89 40 08 0f b7 42 10 c3 49 8b 08 48
0x00007ffc00dfc510:   8d 41 08 49 89 00 0f b7 01 c3 cc cc cc cc cc cc
0x00007ffc00dfc520:   ba 28 00 00 00 e9 e6 00 00 00 cc cc cc cc cc cc
0x00007ffc00dfc530:   48 8b 41 20 c3 cc cc cc cc cc cc cc cc cc cc cc
0x00007ffc00dfc540:   4c 89 41 18 4c 89 49 20 c3 cc cc cc cc cc cc cc
0x00007ffc00dfc550:   48 89 5c 24 08 57 48 83 ec 20 48 8b fa b9 28 00
0x00007ffc00dfc560:   00 00 48 8d 54 24 48 49 8b d8 e8 61 00 00 00 85
0x00007ffc00dfc570:   c0 75 40 48 8b 4c 24 48 48 8d 15 2c 01 00 00 e8
0x00007ffc00dfc580:   9c 00 00 00 48 8b 44 24 48 ba 28 00 00 00 48 89
0x00007ffc00dfc590:   78 18 48 89 58 20 48 8b 4c 24 48 e8 10 dc ff ff
0x00007ffc00dfc5a0:   85 c0 74 1c 48 8b 4c 24 48 ba 28 00 00 00 e8 5d
0x00007ffc00dfc5b0:   00 00 00 33 c0 48 8b 5c 24 30 48 83 c4 20 5f c3
0x00007ffc00dfc5c0:   48 8b 44 24 48 48 8b 5c 24 30 48 83 c4 20 5f c3
0x00007ffc00dfc5d0:   40 53 48 83 ec 20 48 8b da 41 b9 40 00 00 00 48
0x00007ffc00dfc5e0:   8b d1 41 b8 00 10 00 00 33 c9 ff 15 58 ea 01 00
0x00007ffc00dfc5f0:   48 85 c0 75 0b b8 ff ff ff ff 48 83 c4 20 5b c3
0x00007ffc00dfc600:   48 89 03 33 c0 48 83 c4 20 5b c3 cc cc cc cc cc
0x00007ffc00dfc610:   33 d2 41 b8 00 80 00 00 48 ff 25 31 ea 01 00 cc
0x00007ffc00dfc620:   48 b8 25 03 00 00 00 90 90 90 48 c7 01 48 8d 05 


Stack slot to memory mapping:
stack at sp + 0 slots: 0x000001c75836d621 is at code_begin+993 in an Interpreter codelet
method entry point (kind = native)  [0x000001c75836d240, 0x000001c75836dbc0]  2432 bytes
stack at sp + 1 slots: 0x000001c74f2fe380 is a thread
stack at sp + 2 slots: 0x0000000000000001 is an unknown value
stack at sp + 3 slots: 0x0 is NULL
stack at sp + 4 slots: 0x0000000000000007 is an unknown value
stack at sp + 5 slots: 0x000000000000000d is an unknown value
stack at sp + 6 slots: 0x000001c7746147c8 is pointing into metadata
stack at sp + 7 slots: 0x00000054929fc880 is pointing into the stack for thread: 0x000001c74f2fe380


---------------  P R O C E S S  ---------------

Threads class SMR info:
_java_thread_list=0x000001c7761aeb10, length=13, elements={
0x000001c74f2fe380, 0x000001c773e03760, 0x000001c773e07180, 0x000001c773e1ac90,
0x000001c773e1e660, 0x000001c773e1f7b0, 0x000001c773e23e00, 0x000001c773e26340,
0x000001c773e27580, 0x000001c773e37a70, 0x000001c7748f71c0, 0x000001c774901ed0,
0x000001c774bf6a70
}

Java Threads: ( => current thread )
=>0x000001c74f2fe380 JavaThread "main" [_thread_in_native, id=5156, stack(0x0000005492900000,0x0000005492a00000)]
  0x000001c773e03760 JavaThread "Reference Handler" daemon [_thread_blocked, id=25176, stack(0x0000005493000000,0x0000005493100000)]
  0x000001c773e07180 JavaThread "Finalizer" daemon [_thread_blocked, id=20756, stack(0x0000005493100000,0x0000005493200000)]
  0x000001c773e1ac90 JavaThread "Signal Dispatcher" daemon [_thread_blocked, id=21904, stack(0x0000005493200000,0x0000005493300000)]
  0x000001c773e1e660 JavaThread "Attach Listener" daemon [_thread_blocked, id=19464, stack(0x0000005493300000,0x0000005493400000)]
  0x000001c773e1f7b0 JavaThread "Service Thread" daemon [_thread_blocked, id=2800, stack(0x0000005493400000,0x0000005493500000)]
  0x000001c773e23e00 JavaThread "Monitor Deflation Thread" daemon [_thread_blocked, id=9240, stack(0x0000005493500000,0x0000005493600000)]
  0x000001c773e26340 JavaThread "C2 CompilerThread0" daemon [_thread_blocked, id=29116, stack(0x0000005493600000,0x0000005493700000)]
  0x000001c773e27580 JavaThread "C1 CompilerThread0" daemon [_thread_blocked, id=9028, stack(0x0000005493700000,0x0000005493800000)]
  0x000001c773e37a70 JavaThread "Sweeper thread" daemon [_thread_blocked, id=10500, stack(0x0000005493800000,0x0000005493900000)]
  0x000001c7748f71c0 JavaThread "Notification Thread" daemon [_thread_blocked, id=28388, stack(0x0000005493900000,0x0000005493a00000)]
  0x000001c774901ed0 JavaThread "Common-Cleaner" daemon [_thread_blocked, id=10836, stack(0x0000005493b00000,0x0000005493c00000)]
  0x000001c774bf6a70 JavaThread "surefire-forkedjvm-command-thread" daemon [_thread_in_native, id=12116, stack(0x0000005493d00000,0x0000005493e00000)]

Other Threads:
  0x000001c773dfe3c0 VMThread "VM Thread" [stack: 0x0000005492f00000,0x0000005493000000] [id=10024]
  0x000001c74f369980 WatcherThread [stack: 0x0000005493a00000,0x0000005493b00000] [id=21388]
  0x000001c74f34cc50 GCTaskThread "GC Thread#0" [stack: 0x0000005492a00000,0x0000005492b00000] [id=12580]
  0x000001c77536d630 GCTaskThread "GC Thread#1" [stack: 0x0000005493e00000,0x0000005493f00000] [id=16824]
  0x000001c774ebd380 GCTaskThread "GC Thread#2" [stack: 0x0000005493f00000,0x0000005494000000] [id=9672]
  0x000001c774ebd630 GCTaskThread "GC Thread#3" [stack: 0x0000005494000000,0x0000005494100000] [id=23080]
  0x000001c77536b970 GCTaskThread "GC Thread#4" [stack: 0x0000005494100000,0x0000005494200000] [id=13792]
  0x000001c77536bc20 GCTaskThread "GC Thread#5" [stack: 0x0000005494200000,0x0000005494300000] [id=27592]
  0x000001c77571c780 GCTaskThread "GC Thread#6" [stack: 0x0000005494300000,0x0000005494400000] [id=19876]
  0x000001c776239390 GCTaskThread "GC Thread#7" [stack: 0x0000005495110000,0x0000005495210000] [id=9268]
  0x000001c74f35e730 ConcurrentGCThread "G1 Main Marker" [stack: 0x0000005492b00000,0x0000005492c00000] [id=19712]
  0x000001c74f35f8e0 ConcurrentGCThread "G1 Conc#0" [stack: 0x0000005492c00000,0x0000005492d00000] [id=16216]
  0x000001c773cc24c0 ConcurrentGCThread "G1 Refine#0" [stack: 0x0000005492d00000,0x0000005492e00000] [id=25456]
  0x000001c773cc2ee0 ConcurrentGCThread "G1 Service" [stack: 0x0000005492e00000,0x0000005492f00000] [id=27468]

Threads with active compile tasks:

VM state: not at safepoint (normal execution)

VM Mutex/Monitor currently owned by a thread: None

Heap address: 0x0000000704600000, size: 4026 MB, Compressed Oops mode: Zero based, Oop shift amount: 3

CDS archive(s) mapped at: [0x0000000800000000-0x0000000800bc0000-0x0000000800bc0000), size 12320768, SharedBaseAddress: 0x0000000800000000, ArchiveRelocationMode: 0.
Compressed class space mapped at: 0x0000000800c00000-0x0000000840c00000, reserved size: 1073741824
Narrow klass base: 0x0000000800000000, Narrow klass shift: 0, Narrow klass range: 0x100000000

GC Precious Log:
 CPUs: 8 total, 8 available
 Memory: 16100M
 Large Page Support: Disabled
 NUMA Support: Disabled
 Compressed Oops: Enabled (Zero based)
 Heap Region Size: 2M
 Heap Min Capacity: 8M
 Heap Initial Capacity: 252M
 Heap Max Capacity: 4026M
 Pre-touch: Disabled
 Parallel Workers: 8
 Concurrent Workers: 2
 Concurrent Refinement Workers: 8
 Periodic GC: Disabled

Heap:
 garbage-first heap   total 258048K, used 111620K [0x0000000704600000, 0x0000000800000000)
  region size 2048K, 54 young (110592K), 1 survivors (2048K)
 Metaspace       used 12110K, committed 12352K, reserved 1064960K
  class space    used 1054K, committed 1152K, reserved 1048576K

Heap Regions: E=young(eden), S=young(survivor), O=old, HS=humongous(starts), HC=humongous(continues), CS=collection set, F=free, OA=open archive, CA=closed archive, TAMS=top-at-mark-start (previous, next)
|   0|0x0000000704600000, 0x0000000704600000, 0x0000000704800000|  0%| F|  |TAMS 0x0000000704600000, 0x0000000704600000| Untracked 
|   1|0x0000000704800000, 0x0000000704800000, 0x0000000704a00000|  0%| F|  |TAMS 0x0000000704800000, 0x0000000704800000| Untracked 
|   2|0x0000000704a00000, 0x0000000704c00000, 0x0000000704c00000|100%| O|  |TAMS 0x0000000704a00000, 0x0000000704a00000| Untracked 
|   3|0x0000000704c00000, 0x0000000704d64800, 0x0000000704e00000| 69%| O|  |TAMS 0x0000000704c00000, 0x0000000704c00000| Untracked 
|   4|0x0000000704e00000, 0x0000000704e00000, 0x0000000705000000|  0%| F|  |TAMS 0x0000000704e00000, 0x0000000704e00000| Untracked 
|   5|0x0000000705000000, 0x0000000705000000, 0x0000000705200000|  0%| F|  |TAMS 0x0000000705000000, 0x0000000705000000| Untracked 
|   6|0x0000000705200000, 0x0000000705200000, 0x0000000705400000|  0%| F|  |TAMS 0x0000000705200000, 0x0000000705200000| Untracked 
|   7|0x0000000705400000, 0x0000000705400000, 0x0000000705600000|  0%| F|  |TAMS 0x0000000705400000, 0x0000000705400000| Untracked 
|   8|0x0000000705600000, 0x0000000705600000, 0x0000000705800000|  0%| F|  |TAMS 0x0000000705600000, 0x0000000705600000| Untracked 
|   9|0x0000000705800000, 0x0000000705800000, 0x0000000705a00000|  0%| F|  |TAMS 0x0000000705800000, 0x0000000705800000| Untracked 
|  10|0x0000000705a00000, 0x0000000705a00000, 0x0000000705c00000|  0%| F|  |TAMS 0x0000000705a00000, 0x0000000705a00000| Untracked 
|  11|0x0000000705c00000, 0x0000000705c00000, 0x0000000705e00000|  0%| F|  |TAMS 0x0000000705c00000, 0x0000000705c00000| Untracked 
|  12|0x0000000705e00000, 0x0000000705e00000, 0x0000000706000000|  0%| F|  |TAMS 0x0000000705e00000, 0x0000000705e00000| Untracked 
|  13|0x0000000706000000, 0x0000000706000000, 0x0000000706200000|  0%| F|  |TAMS 0x0000000706000000, 0x0000000706000000| Untracked 
|  14|0x0000000706200000, 0x0000000706200000, 0x0000000706400000|  0%| F|  |TAMS 0x0000000706200000, 0x0000000706200000| Untracked 
|  15|0x0000000706400000, 0x0000000706400000, 0x0000000706600000|  0%| F|  |TAMS 0x0000000706400000, 0x0000000706400000| Untracked 
|  16|0x0000000706600000, 0x0000000706600000, 0x0000000706800000|  0%| F|  |TAMS 0x0000000706600000, 0x0000000706600000| Untracked 
|  17|0x0000000706800000, 0x0000000706800000, 0x0000000706a00000|  0%| F|  |TAMS 0x0000000706800000, 0x0000000706800000| Untracked 
|  18|0x0000000706a00000, 0x0000000706a00000, 0x0000000706c00000|  0%| F|  |TAMS 0x0000000706a00000, 0x0000000706a00000| Untracked 
|  19|0x0000000706c00000, 0x0000000706c00000, 0x0000000706e00000|  0%| F|  |TAMS 0x0000000706c00000, 0x0000000706c00000| Untracked 
|  20|0x0000000706e00000, 0x0000000706e00000, 0x0000000707000000|  0%| F|  |TAMS 0x0000000706e00000, 0x0000000706e00000| Untracked 
|  21|0x0000000707000000, 0x0000000707000000, 0x0000000707200000|  0%| F|  |TAMS 0x0000000707000000, 0x0000000707000000| Untracked 
|  22|0x0000000707200000, 0x0000000707200000, 0x0000000707400000|  0%| F|  |TAMS 0x0000000707200000, 0x0000000707200000| Untracked 
|  23|0x0000000707400000, 0x0000000707400000, 0x0000000707600000|  0%| F|  |TAMS 0x0000000707400000, 0x0000000707400000| Untracked 
|  24|0x0000000707600000, 0x0000000707600000, 0x0000000707800000|  0%| F|  |TAMS 0x0000000707600000, 0x0000000707600000| Untracked 
|  25|0x0000000707800000, 0x0000000707800000, 0x0000000707a00000|  0%| F|  |TAMS 0x0000000707800000, 0x0000000707800000| Untracked 
|  26|0x0000000707a00000, 0x0000000707a00000, 0x0000000707c00000|  0%| F|  |TAMS 0x0000000707a00000, 0x0000000707a00000| Untracked 
|  27|0x0000000707c00000, 0x0000000707c00000, 0x0000000707e00000|  0%| F|  |TAMS 0x0000000707c00000, 0x0000000707c00000| Untracked 
|  28|0x0000000707e00000, 0x0000000707e00000, 0x0000000708000000|  0%| F|  |TAMS 0x0000000707e00000, 0x0000000707e00000| Untracked 
|  29|0x0000000708000000, 0x0000000708000000, 0x0000000708200000|  0%| F|  |TAMS 0x0000000708000000, 0x0000000708000000| Untracked 
|  30|0x0000000708200000, 0x0000000708200000, 0x0000000708400000|  0%| F|  |TAMS 0x0000000708200000, 0x0000000708200000| Untracked 
|  31|0x0000000708400000, 0x0000000708400000, 0x0000000708600000|  0%| F|  |TAMS 0x0000000708400000, 0x0000000708400000| Untracked 
|  32|0x0000000708600000, 0x0000000708600000, 0x0000000708800000|  0%| F|  |TAMS 0x0000000708600000, 0x0000000708600000| Untracked 
|  33|0x0000000708800000, 0x0000000708800000, 0x0000000708a00000|  0%| F|  |TAMS 0x0000000708800000, 0x0000000708800000| Untracked 
|  34|0x0000000708a00000, 0x0000000708a00000, 0x0000000708c00000|  0%| F|  |TAMS 0x0000000708a00000, 0x0000000708a00000| Untracked 
|  35|0x0000000708c00000, 0x0000000708c00000, 0x0000000708e00000|  0%| F|  |TAMS 0x0000000708c00000, 0x0000000708c00000| Untracked 
|  36|0x0000000708e00000, 0x0000000708e00000, 0x0000000709000000|  0%| F|  |TAMS 0x0000000708e00000, 0x0000000708e00000| Untracked 
|  37|0x0000000709000000, 0x0000000709000000, 0x0000000709200000|  0%| F|  |TAMS 0x0000000709000000, 0x0000000709000000| Untracked 
|  38|0x0000000709200000, 0x0000000709200000, 0x0000000709400000|  0%| F|  |TAMS 0x0000000709200000, 0x0000000709200000| Untracked 
|  39|0x0000000709400000, 0x0000000709400000, 0x0000000709600000|  0%| F|  |TAMS 0x0000000709400000, 0x0000000709400000| Untracked 
|  40|0x0000000709600000, 0x0000000709600000, 0x0000000709800000|  0%| F|  |TAMS 0x0000000709600000, 0x0000000709600000| Untracked 
|  41|0x0000000709800000, 0x0000000709800000, 0x0000000709a00000|  0%| F|  |TAMS 0x0000000709800000, 0x0000000709800000| Untracked 
|  42|0x0000000709a00000, 0x0000000709a00000, 0x0000000709c00000|  0%| F|  |TAMS 0x0000000709a00000, 0x0000000709a00000| Untracked 
|  43|0x0000000709c00000, 0x0000000709c00000, 0x0000000709e00000|  0%| F|  |TAMS 0x0000000709c00000, 0x0000000709c00000| Untracked 
|  44|0x0000000709e00000, 0x0000000709e00000, 0x000000070a000000|  0%| F|  |TAMS 0x0000000709e00000, 0x0000000709e00000| Untracked 
|  45|0x000000070a000000, 0x000000070a000000, 0x000000070a200000|  0%| F|  |TAMS 0x000000070a000000, 0x000000070a000000| Untracked 
|  46|0x000000070a200000, 0x000000070a200000, 0x000000070a400000|  0%| F|  |TAMS 0x000000070a200000, 0x000000070a200000| Untracked 
|  47|0x000000070a400000, 0x000000070a400000, 0x000000070a600000|  0%| F|  |TAMS 0x000000070a400000, 0x000000070a400000| Untracked 
|  48|0x000000070a600000, 0x000000070a600000, 0x000000070a800000|  0%| F|  |TAMS 0x000000070a600000, 0x000000070a600000| Untracked 
|  49|0x000000070a800000, 0x000000070a800000, 0x000000070aa00000|  0%| F|  |TAMS 0x000000070a800000, 0x000000070a800000| Untracked 
|  50|0x000000070aa00000, 0x000000070aa00000, 0x000000070ac00000|  0%| F|  |TAMS 0x000000070aa00000, 0x000000070aa00000| Untracked 
|  51|0x000000070ac00000, 0x000000070ac00000, 0x000000070ae00000|  0%| F|  |TAMS 0x000000070ac00000, 0x000000070ac00000| Untracked 
|  52|0x000000070ae00000, 0x000000070ae00000, 0x000000070b000000|  0%| F|  |TAMS 0x000000070ae00000, 0x000000070ae00000| Untracked 
|  53|0x000000070b000000, 0x000000070b000000, 0x000000070b200000|  0%| F|  |TAMS 0x000000070b000000, 0x000000070b000000| Untracked 
|  54|0x000000070b200000, 0x000000070b200000, 0x000000070b400000|  0%| F|  |TAMS 0x000000070b200000, 0x000000070b200000| Untracked 
|  55|0x000000070b400000, 0x000000070b400000, 0x000000070b600000|  0%| F|  |TAMS 0x000000070b400000, 0x000000070b400000| Untracked 
|  56|0x000000070b600000, 0x000000070b600000, 0x000000070b800000|  0%| F|  |TAMS 0x000000070b600000, 0x000000070b600000| Untracked 
|  57|0x000000070b800000, 0x000000070b800000, 0x000000070ba00000|  0%| F|  |TAMS 0x000000070b800000, 0x000000070b800000| Untracked 
|  58|0x000000070ba00000, 0x000000070ba00000, 0x000000070bc00000|  0%| F|  |TAMS 0x000000070ba00000, 0x000000070ba00000| Untracked 
|  59|0x000000070bc00000, 0x000000070bc00000, 0x000000070be00000|  0%| F|  |TAMS 0x000000070bc00000, 0x000000070bc00000| Untracked 
|  60|0x000000070be00000, 0x000000070be00000, 0x000000070c000000|  0%| F|  |TAMS 0x000000070be00000, 0x000000070be00000| Untracked 
|  61|0x000000070c000000, 0x000000070c000000, 0x000000070c200000|  0%| F|  |TAMS 0x000000070c000000, 0x000000070c000000| Untracked 
|  62|0x000000070c200000, 0x000000070c200000, 0x000000070c400000|  0%| F|  |TAMS 0x000000070c200000, 0x000000070c200000| Untracked 
|  63|0x000000070c400000, 0x000000070c400000, 0x000000070c600000|  0%| F|  |TAMS 0x000000070c400000, 0x000000070c400000| Untracked 
|  64|0x000000070c600000, 0x000000070c600000, 0x000000070c800000|  0%| F|  |TAMS 0x000000070c600000, 0x000000070c600000| Untracked 
|  65|0x000000070c800000, 0x000000070c800000, 0x000000070ca00000|  0%| F|  |TAMS 0x000000070c800000, 0x000000070c800000| Untracked 
|  66|0x000000070ca00000, 0x000000070ca00000, 0x000000070cc00000|  0%| F|  |TAMS 0x000000070ca00000, 0x000000070ca00000| Untracked 
|  67|0x000000070cc00000, 0x000000070cc00000, 0x000000070ce00000|  0%| F|  |TAMS 0x000000070cc00000, 0x000000070cc00000| Untracked 
|  68|0x000000070ce00000, 0x000000070ce00000, 0x000000070d000000|  0%| F|  |TAMS 0x000000070ce00000, 0x000000070ce00000| Untracked 
|  69|0x000000070d000000, 0x000000070d000000, 0x000000070d200000|  0%| F|  |TAMS 0x000000070d000000, 0x000000070d000000| Untracked 
|  70|0x000000070d200000, 0x000000070d200000, 0x000000070d400000|  0%| F|  |TAMS 0x000000070d200000, 0x000000070d200000| Untracked 
|  71|0x000000070d400000, 0x000000070d400000, 0x000000070d600000|  0%| F|  |TAMS 0x000000070d400000, 0x000000070d400000| Untracked 
|  72|0x000000070d600000, 0x000000070d800000, 0x000000070d800000|100%| E|  |TAMS 0x000000070d600000, 0x000000070d600000| Complete 
|  73|0x000000070d800000, 0x000000070da00000, 0x000000070da00000|100%| E|CS|TAMS 0x000000070d800000, 0x000000070d800000| Complete 
|  74|0x000000070da00000, 0x000000070dc00000, 0x000000070dc00000|100%| E|CS|TAMS 0x000000070da00000, 0x000000070da00000| Complete 
|  75|0x000000070dc00000, 0x000000070de00000, 0x000000070de00000|100%| E|CS|TAMS 0x000000070dc00000, 0x000000070dc00000| Complete 
|  76|0x000000070de00000, 0x000000070e000000, 0x000000070e000000|100%| E|CS|TAMS 0x000000070de00000, 0x000000070de00000| Complete 
|  77|0x000000070e000000, 0x000000070e200000, 0x000000070e200000|100%| E|CS|TAMS 0x000000070e000000, 0x000000070e000000| Complete 
|  78|0x000000070e200000, 0x000000070e400000, 0x000000070e400000|100%| E|CS|TAMS 0x000000070e200000, 0x000000070e200000| Complete 
|  79|0x000000070e400000, 0x000000070e600000, 0x000000070e600000|100%| E|CS|TAMS 0x000000070e400000, 0x000000070e400000| Complete 
|  80|0x000000070e600000, 0x000000070e800000, 0x000000070e800000|100%| E|CS|TAMS 0x000000070e600000, 0x000000070e600000| Complete 
|  81|0x000000070e800000, 0x000000070ea00000, 0x000000070ea00000|100%| E|CS|TAMS 0x000000070e800000, 0x000000070e800000| Complete 
|  82|0x000000070ea00000, 0x000000070ec00000, 0x000000070ec00000|100%| E|CS|TAMS 0x000000070ea00000, 0x000000070ea00000| Complete 
|  83|0x000000070ec00000, 0x000000070ee00000, 0x000000070ee00000|100%| E|CS|TAMS 0x000000070ec00000, 0x000000070ec00000| Complete 
|  84|0x000000070ee00000, 0x000000070f000000, 0x000000070f000000|100%| E|CS|TAMS 0x000000070ee00000, 0x000000070ee00000| Complete 
|  85|0x000000070f000000, 0x000000070f200000, 0x000000070f200000|100%| E|CS|TAMS 0x000000070f000000, 0x000000070f000000| Complete 
|  86|0x000000070f200000, 0x000000070f400000, 0x000000070f400000|100%| E|CS|TAMS 0x000000070f200000, 0x000000070f200000| Complete 
|  87|0x000000070f400000, 0x000000070f600000, 0x000000070f600000|100%| E|CS|TAMS 0x000000070f400000, 0x000000070f400000| Complete 
|  88|0x000000070f600000, 0x000000070f800000, 0x000000070f800000|100%| E|CS|TAMS 0x000000070f600000, 0x000000070f600000| Complete 
|  89|0x000000070f800000, 0x000000070fa00000, 0x000000070fa00000|100%| E|CS|TAMS 0x000000070f800000, 0x000000070f800000| Complete 
|  90|0x000000070fa00000, 0x000000070fc00000, 0x000000070fc00000|100%| E|CS|TAMS 0x000000070fa00000, 0x000000070fa00000| Complete 
|  91|0x000000070fc00000, 0x000000070fe00000, 0x000000070fe00000|100%| E|CS|TAMS 0x000000070fc00000, 0x000000070fc00000| Complete 
|  92|0x000000070fe00000, 0x0000000710000000, 0x0000000710000000|100%| E|CS|TAMS 0x000000070fe00000, 0x000000070fe00000| Complete 
|  93|0x0000000710000000, 0x0000000710200000, 0x0000000710200000|100%| E|CS|TAMS 0x0000000710000000, 0x0000000710000000| Complete 
|  94|0x0000000710200000, 0x0000000710400000, 0x0000000710400000|100%| E|CS|TAMS 0x0000000710200000, 0x0000000710200000| Complete 
|  95|0x0000000710400000, 0x0000000710600000, 0x0000000710600000|100%| E|CS|TAMS 0x0000000710400000, 0x0000000710400000| Complete 
|  96|0x0000000710600000, 0x0000000710800000, 0x0000000710800000|100%| E|CS|TAMS 0x0000000710600000, 0x0000000710600000| Complete 
|  97|0x0000000710800000, 0x0000000710a00000, 0x0000000710a00000|100%| E|CS|TAMS 0x0000000710800000, 0x0000000710800000| Complete 
|  98|0x0000000710a00000, 0x0000000710c00000, 0x0000000710c00000|100%| E|CS|TAMS 0x0000000710a00000, 0x0000000710a00000| Complete 
|  99|0x0000000710c00000, 0x0000000710e00000, 0x0000000710e00000|100%| E|CS|TAMS 0x0000000710c00000, 0x0000000710c00000| Complete 
| 100|0x0000000710e00000, 0x0000000711000000, 0x0000000711000000|100%| E|CS|TAMS 0x0000000710e00000, 0x0000000710e00000| Complete 
| 101|0x0000000711000000, 0x0000000711200000, 0x0000000711200000|100%| E|CS|TAMS 0x0000000711000000, 0x0000000711000000| Complete 
| 102|0x0000000711200000, 0x0000000711400000, 0x0000000711400000|100%| E|CS|TAMS 0x0000000711200000, 0x0000000711200000| Complete 
| 103|0x0000000711400000, 0x0000000711600000, 0x0000000711600000|100%| E|CS|TAMS 0x0000000711400000, 0x0000000711400000| Complete 
| 104|0x0000000711600000, 0x0000000711800000, 0x0000000711800000|100%| E|CS|TAMS 0x0000000711600000, 0x0000000711600000| Complete 
| 105|0x0000000711800000, 0x0000000711a00000, 0x0000000711a00000|100%| E|CS|TAMS 0x0000000711800000, 0x0000000711800000| Complete 
| 106|0x0000000711a00000, 0x0000000711c00000, 0x0000000711c00000|100%| E|CS|TAMS 0x0000000711a00000, 0x0000000711a00000| Complete 
| 107|0x0000000711c00000, 0x0000000711e00000, 0x0000000711e00000|100%| E|CS|TAMS 0x0000000711c00000, 0x0000000711c00000| Complete 
| 108|0x0000000711e00000, 0x0000000711f9ca90, 0x0000000712000000| 80%| S|CS|TAMS 0x0000000711e00000, 0x0000000711e00000| Complete 
| 109|0x0000000712000000, 0x0000000712200000, 0x0000000712200000|100%| E|CS|TAMS 0x0000000712000000, 0x0000000712000000| Complete 
| 110|0x0000000712200000, 0x0000000712400000, 0x0000000712400000|100%| E|CS|TAMS 0x0000000712200000, 0x0000000712200000| Complete 
| 111|0x0000000712400000, 0x0000000712600000, 0x0000000712600000|100%| E|CS|TAMS 0x0000000712400000, 0x0000000712400000| Complete 
| 112|0x0000000712600000, 0x0000000712800000, 0x0000000712800000|100%| E|CS|TAMS 0x0000000712600000, 0x0000000712600000| Complete 
| 113|0x0000000712800000, 0x0000000712a00000, 0x0000000712a00000|100%| E|CS|TAMS 0x0000000712800000, 0x0000000712800000| Complete 
| 114|0x0000000712a00000, 0x0000000712c00000, 0x0000000712c00000|100%| E|CS|TAMS 0x0000000712a00000, 0x0000000712a00000| Complete 
| 115|0x0000000712c00000, 0x0000000712e00000, 0x0000000712e00000|100%| E|CS|TAMS 0x0000000712c00000, 0x0000000712c00000| Complete 
| 116|0x0000000712e00000, 0x0000000713000000, 0x0000000713000000|100%| E|CS|TAMS 0x0000000712e00000, 0x0000000712e00000| Complete 
| 117|0x0000000713000000, 0x0000000713200000, 0x0000000713200000|100%| E|CS|TAMS 0x0000000713000000, 0x0000000713000000| Complete 
| 118|0x0000000713200000, 0x0000000713400000, 0x0000000713400000|100%| E|CS|TAMS 0x0000000713200000, 0x0000000713200000| Complete 
| 119|0x0000000713400000, 0x0000000713600000, 0x0000000713600000|100%| E|CS|TAMS 0x0000000713400000, 0x0000000713400000| Complete 
| 120|0x0000000713600000, 0x0000000713800000, 0x0000000713800000|100%| E|CS|TAMS 0x0000000713600000, 0x0000000713600000| Complete 
| 121|0x0000000713800000, 0x0000000713a00000, 0x0000000713a00000|100%| E|CS|TAMS 0x0000000713800000, 0x0000000713800000| Complete 
| 122|0x0000000713a00000, 0x0000000713c00000, 0x0000000713c00000|100%| E|CS|TAMS 0x0000000713a00000, 0x0000000713a00000| Complete 
| 123|0x0000000713c00000, 0x0000000713e00000, 0x0000000713e00000|100%| E|CS|TAMS 0x0000000713c00000, 0x0000000713c00000| Complete 
| 124|0x0000000713e00000, 0x0000000714000000, 0x0000000714000000|100%| E|CS|TAMS 0x0000000713e00000, 0x0000000713e00000| Complete 
| 125|0x0000000714000000, 0x0000000714200000, 0x0000000714200000|100%| E|CS|TAMS 0x0000000714000000, 0x0000000714000000| Complete 

Card table byte_map: [0x000001c7685b0000,0x000001c768d90000] _byte_map_base: 0x000001c764d8d000

Marking Bits (Prev, Next): (CMBitMap*) 0x000001c74f34e270, (CMBitMap*) 0x000001c74f34e2b0
 Prev Bits: [0x000001c769570000, 0x000001c76d458000)
 Next Bits: [0x000001c76d460000, 0x000001c771348000)

Polling page: 0x000001c74f3e0000

Metaspace:

Usage:
  Non-class:     10.80 MB used.
      Class:      1.03 MB used.
       Both:     11.83 MB used.

Virtual space:
  Non-class space:       16.00 MB reserved,      10.94 MB ( 68%) committed,  2 nodes.
      Class space:        1.00 GB reserved,       1.12 MB ( <1%) committed,  1 nodes.
             Both:        1.02 GB reserved,      12.06 MB (  1%) committed. 

Chunk freelists:
   Non-Class:  174.00 KB
       Class:  2.70 MB
        Both:  2.87 MB

MaxMetaspaceSize: unlimited
CompressedClassSpaceSize: 1.00 GB
Initial GC threshold: 21.00 MB
Current GC threshold: 21.00 MB
CDS: on
MetaspaceReclaimPolicy: balanced
 - commit_granule_bytes: 65536.
 - commit_granule_words: 8192.
 - virtual_space_node_default_size: 1048576.
 - enlarge_chunks_in_place: 1.
 - new_chunks_are_fully_committed: 0.
 - uncommit_free_chunks: 1.
 - use_allocation_guard: 0.
 - handle_deallocations: 1.


Internal statistics:

num_allocs_failed_limit: 0.
num_arena_births: 138.
num_arena_deaths: 0.
num_vsnodes_births: 3.
num_vsnodes_deaths: 0.
num_space_committed: 191.
num_space_uncommitted: 0.
num_chunks_returned_to_freelist: 0.
num_chunks_taken_from_freelist: 530.
num_chunk_merges: 0.
num_chunk_splits: 359.
num_chunks_enlarged: 275.
num_purges: 0.
num_inconsistent_stats: 0.

CodeHeap 'non-profiled nmethods': size=120000Kb used=876Kb max_used=876Kb free=119123Kb
 bounds [0x000001c75fe30000, 0x000001c7600a0000, 0x000001c767360000]
CodeHeap 'profiled nmethods': size=120000Kb used=4345Kb max_used=4345Kb free=115655Kb
 bounds [0x000001c758900000, 0x000001c758d40000, 0x000001c75fe30000]
CodeHeap 'non-nmethods': size=5760Kb used=1656Kb max_used=1689Kb free=4103Kb
 bounds [0x000001c758360000, 0x000001c7585d0000, 0x000001c758900000]
 total_blobs=3295 nmethods=2199 adapters=1008
 compilation: enabled
              stopped_count=0, restarted_count=0
 full_count=0

Compilation events (20 events):
Event: 7.095 Thread 0x000001c773e27580 2186       3       java.util.stream.Collectors::toList (26 bytes)
Event: 7.095 Thread 0x000001c773e27580 nmethod 2186 0x000001c758d39090 code [0x000001c758d39280, 0x000001c758d398a8]
Event: 7.095 Thread 0x000001c773e27580 2187       3       java.util.stream.Collectors$$Lambda$11/0x0000000800c4bc98::get (8 bytes)
Event: 7.096 Thread 0x000001c773e27580 nmethod 2187 0x000001c758d39a90 code [0x000001c758d39c40, 0x000001c758d39f98]
Event: 7.096 Thread 0x000001c773e27580 2188       3       java.util.ArrayList::addAll (76 bytes)
Event: 7.096 Thread 0x000001c773e26340 2190       4       java.util.LinkedHashMap$LinkedHashIterator::hasNext (13 bytes)
Event: 7.096 Thread 0x000001c773e27580 nmethod 2188 0x000001c758d3a110 code [0x000001c758d3a2e0, 0x000001c758d3a788]
Event: 7.096 Thread 0x000001c773e27580 2189       3       org.junit.platform.commons.util.AnnotationUtils::isAnnotated (9 bytes)
Event: 7.097 Thread 0x000001c773e27580 nmethod 2189 0x000001c758d3a910 code [0x000001c758d3aac0, 0x000001c758d3aca8]
Event: 7.097 Thread 0x000001c773e26340 nmethod 2190 0x000001c75ff0a710 code [0x000001c75ff0a880, 0x000001c75ff0a918]
Event: 7.097 Thread 0x000001c773e27580 2191   !   3       jdk.proxy1.$Proxy4::annotationType (29 bytes)
Event: 7.097 Thread 0x000001c773e27580 nmethod 2191 0x000001c758d3ad90 code [0x000001c758d3af60, 0x000001c758d3b318]
Event: 7.097 Thread 0x000001c773e27580 2192       3       java.lang.reflect.Method::getDeclaredAnnotations (5 bytes)
Event: 7.098 Thread 0x000001c773e27580 nmethod 2192 0x000001c758d3b510 code [0x000001c758d3b700, 0x000001c758d3bba8]
Event: 7.098 Thread 0x000001c773e27580 2193       3       java.lang.reflect.Executable::getDeclaredAnnotations (8 bytes)
Event: 7.098 Thread 0x000001c773e27580 nmethod 2193 0x000001c758d3bd10 code [0x000001c758d3bee0, 0x000001c758d3c328]
Event: 7.098 Thread 0x000001c773e27580 2195       3       java.util.stream.Collectors$$Lambda$12/0x0000000800c4beb0::accept (14 bytes)
Event: 7.098 Thread 0x000001c773e26340 2196       4       java.lang.invoke.Invokers$Holder::linkToTargetMethod (8 bytes)
Event: 7.099 Thread 0x000001c773e27580 nmethod 2195 0x000001c758d3c490 code [0x000001c758d3c660, 0x000001c758d3cc28]
Event: 7.099 Thread 0x000001c773e27580 2197       3       java.lang.reflect.Field::getInt (29 bytes)

GC Heap History (4 events):
Event: 1.257 GC heap before
{Heap before GC invocations=0 (full 0):
 garbage-first heap   total 258048K, used 22528K [0x0000000704600000, 0x0000000800000000)
  region size 2048K, 11 young (22528K), 0 survivors (0K)
 Metaspace       used 4801K, committed 4992K, reserved 1056768K
  class space    used 609K, committed 704K, reserved 1048576K
}
Event: 1.263 GC heap after
{Heap after GC invocations=1 (full 0):
 garbage-first heap   total 258048K, used 3609K [0x0000000704600000, 0x0000000800000000)
  region size 2048K, 2 young (4096K), 2 survivors (4096K)
 Metaspace       used 4801K, committed 4992K, reserved 1056768K
  class space    used 609K, committed 704K, reserved 1048576K
}
Event: 4.144 GC heap before
{Heap before GC invocations=1 (full 0):
 garbage-first heap   total 258048K, used 38425K [0x0000000704600000, 0x0000000800000000)
  region size 2048K, 17 young (34816K), 2 survivors (4096K)
 Metaspace       used 11392K, committed 11648K, reserved 1064960K
  class space    used 1010K, committed 1152K, reserved 1048576K
}
Event: 4.153 GC heap after
{Heap after GC invocations=2 (full 0):
 garbage-first heap   total 258048K, used 5124K [0x0000000704600000, 0x0000000800000000)
  region size 2048K, 1 young (2048K), 1 survivors (2048K)
 Metaspace       used 11392K, committed 11648K, reserved 1064960K
  class space    used 1010K, committed 1152K, reserved 1048576K
}

Deoptimization events (20 events):
Event: 4.218 Thread 0x000001c74f2fe380 Uncommon trap: trap_request=0xffffffc6 fr.pc=0x000001c75fe591d0 relative=0x0000000000000310
Event: 4.218 Thread 0x000001c74f2fe380 Uncommon trap: reason=bimorphic_or_optimized_type_check action=maybe_recompile pc=0x000001c75fe591d0 method=java.util.HashMap.getNode(Ljava/lang/Object;)Ljava/util/HashMap$Node; @ 63 c2
Event: 4.218 Thread 0x000001c74f2fe380 DEOPT PACKING pc=0x000001c75fe591d0 sp=0x00000054929fc650
Event: 4.218 Thread 0x000001c74f2fe380 DEOPT UNPACKING pc=0x000001c7583b23a3 sp=0x00000054929fc558 mode 2
Event: 4.218 Thread 0x000001c74f2fe380 Uncommon trap: trap_request=0xffffffc6 fr.pc=0x000001c75fe5642c relative=0x00000000000002ec
Event: 4.218 Thread 0x000001c74f2fe380 Uncommon trap: reason=bimorphic_or_optimized_type_check action=maybe_recompile pc=0x000001c75fe5642c method=java.util.HashMap.getNode(Ljava/lang/Object;)Ljava/util/HashMap$Node; @ 63 c2
Event: 4.218 Thread 0x000001c74f2fe380 DEOPT PACKING pc=0x000001c75fe5642c sp=0x00000054929fc5e0
Event: 4.219 Thread 0x000001c74f2fe380 DEOPT UNPACKING pc=0x000001c7583b23a3 sp=0x00000054929fc558 mode 2
Event: 4.699 Thread 0x000001c74f2fe380 DEOPT PACKING pc=0x000001c758952c9e sp=0x00000054929fc2d0
Event: 4.699 Thread 0x000001c74f2fe380 DEOPT UNPACKING pc=0x000001c7583b2b43 sp=0x00000054929fb780 mode 0
Event: 4.854 Thread 0x000001c74f2fe380 DEOPT PACKING pc=0x000001c758b6148b sp=0x00000054929fbd60
Event: 4.854 Thread 0x000001c74f2fe380 DEOPT UNPACKING pc=0x000001c7583b2b43 sp=0x00000054929fb280 mode 0
Event: 5.484 Thread 0x000001c74f2fe380 DEOPT PACKING pc=0x000001c758c2d3dc sp=0x00000054929fc430
Event: 5.484 Thread 0x000001c74f2fe380 DEOPT UNPACKING pc=0x000001c7583b2b43 sp=0x00000054929fb8b0 mode 0
Event: 6.055 Thread 0x000001c74f2fe380 DEOPT PACKING pc=0x000001c758c7869e sp=0x00000054929fc5d0
Event: 6.055 Thread 0x000001c74f2fe380 DEOPT UNPACKING pc=0x000001c7583b2b43 sp=0x00000054929fba78 mode 0
Event: 7.025 Thread 0x000001c74f2fe380 Uncommon trap: trap_request=0xffffffc6 fr.pc=0x000001c75fecda80 relative=0x00000000000002c0
Event: 7.025 Thread 0x000001c74f2fe380 Uncommon trap: reason=bimorphic_or_optimized_type_check action=maybe_recompile pc=0x000001c75fecda80 method=java.util.HashMap.getNode(Ljava/lang/Object;)Ljava/util/HashMap$Node; @ 128 c2
Event: 7.025 Thread 0x000001c74f2fe380 DEOPT PACKING pc=0x000001c75fecda80 sp=0x00000054929fc410
Event: 7.025 Thread 0x000001c74f2fe380 DEOPT UNPACKING pc=0x000001c7583b23a3 sp=0x00000054929fc308 mode 2

Classes unloaded (0 events):
No events

Classes redefined (0 events):
No events

Internal exceptions (20 events):
Event: 1.169 Thread 0x000001c74f2fe380 Exception <a 'java/lang/NoSuchMethodError'{0x0000000712c93e98}: 'int java.lang.invoke.DirectMethodHandle$Holder.invokeStaticInit(java.lang.Object, java.lang.Object)'> (0x0000000712c93e98) 
thrown [t:\workspace\open\src\hotspot\share\interpreter\linkResolver.cpp, line 766]
Event: 1.205 Thread 0x000001c74f2fe380 Exception <a 'java/lang/IncompatibleClassChangeError'{0x0000000712d15a70}: Found class java.lang.Object, but interface was expected> (0x0000000712d15a70) 
thrown [t:\workspace\open\src\hotspot\share\interpreter\linkResolver.cpp, line 833]
Event: 1.313 Thread 0x000001c74f2fe380 Exception <a 'java/lang/NoSuchMethodError'{0x00000007141555e8}: 'void java.lang.invoke.DirectMethodHandle$Holder.invokeStatic(java.lang.Object, java.lang.Object)'> (0x00000007141555e8) 
thrown [t:\workspace\open\src\hotspot\share\interpreter\linkResolver.cpp, line 766]
Event: 1.318 Thread 0x000001c74f2fe380 Exception <a 'java/lang/NoSuchMethodError'{0x00000007141680d8}: 'java.lang.Object java.lang.invoke.DirectMethodHandle$Holder.invokeStatic(java.lang.Object, java.lang.Object, int)'> (0x00000007141680d8) 
thrown [t:\workspace\open\src\hotspot\share\interpreter\linkResolver.cpp, line 766]
Event: 1.319 Thread 0x000001c74f2fe380 Exception <a 'java/lang/NoSuchMethodError'{0x00000007141740f0}: 'void java.lang.invoke.DelegatingMethodHandle$Holder.delegate(java.lang.Object, java.lang.Object, int, java.lang.Object)'> (0x00000007141740f0) 
thrown [t:\workspace\open\src\hotspot\share\interpreter\linkResolver.cpp, line 766]
Event: 1.371 Thread 0x000001c74f2fe380 Exception <a 'sun/nio/fs/WindowsException'{0x00000007141da628}> (0x00000007141da628) 
thrown [t:\workspace\open\src\hotspot\share\prims\jni.cpp, line 516]
Event: 1.372 Thread 0x000001c74f2fe380 Exception <a 'sun/nio/fs/WindowsException'{0x00000007141dab98}> (0x00000007141dab98) 
thrown [t:\workspace\open\src\hotspot\share\prims\jni.cpp, line 516]
Event: 1.401 Thread 0x000001c74f2fe380 Exception <a 'sun/nio/fs/WindowsException'{0x0000000713e35ee0}> (0x0000000713e35ee0) 
thrown [t:\workspace\open\src\hotspot\share\prims\jni.cpp, line 516]
Event: 1.402 Thread 0x000001c74f2fe380 Exception <a 'sun/nio/fs/WindowsException'{0x0000000713e36298}> (0x0000000713e36298) 
thrown [t:\workspace\open\src\hotspot\share\prims\jni.cpp, line 516]
Event: 1.434 Thread 0x000001c74f2fe380 Exception <a 'sun/nio/fs/WindowsException'{0x0000000713ec80e0}> (0x0000000713ec80e0) 
thrown [t:\workspace\open\src\hotspot\share\prims\jni.cpp, line 516]
Event: 1.434 Thread 0x000001c74f2fe380 Exception <a 'sun/nio/fs/WindowsException'{0x0000000713ec8468}> (0x0000000713ec8468) 
thrown [t:\workspace\open\src\hotspot\share\prims\jni.cpp, line 516]
Event: 1.556 Thread 0x000001c74f2fe380 Exception <a 'sun/nio/fs/WindowsException'{0x0000000713f44860}> (0x0000000713f44860) 
thrown [t:\workspace\open\src\hotspot\share\prims\jni.cpp, line 516]
Event: 1.556 Thread 0x000001c74f2fe380 Exception <a 'sun/nio/fs/WindowsException'{0x0000000713f44c00}> (0x0000000713f44c00) 
thrown [t:\workspace\open\src\hotspot\share\prims\jni.cpp, line 516]
Event: 2.375 Thread 0x000001c74f2fe380 Exception <a 'sun/nio/fs/WindowsException'{0x0000000713d1d548}> (0x0000000713d1d548) 
thrown [t:\workspace\open\src\hotspot\share\prims\jni.cpp, line 516]
Event: 2.375 Thread 0x000001c74f2fe380 Exception <a 'sun/nio/fs/WindowsException'{0x0000000713d1d908}> (0x0000000713d1d908) 
thrown [t:\workspace\open\src\hotspot\share\prims\jni.cpp, line 516]
Event: 2.380 Thread 0x000001c74f2fe380 Exception <a 'sun/nio/fs/WindowsException'{0x0000000713d273b0}> (0x0000000713d273b0) 
thrown [t:\workspace\open\src\hotspot\share\prims\jni.cpp, line 516]
Event: 2.380 Thread 0x000001c74f2fe380 Exception <a 'sun/nio/fs/WindowsException'{0x0000000713d276b0}> (0x0000000713d276b0) 
thrown [t:\workspace\open\src\hotspot\share\prims\jni.cpp, line 516]
Event: 6.972 Thread 0x000001c74f2fe380 Exception <a 'java/lang/NoSuchMethodError'{0x000000070d8bbf68}: 'java.lang.Object java.lang.invoke.DirectMethodHandle$Holder.invokeInterface(java.lang.Object, java.lang.Object, java.lang.Object, java.lang.Object, java.lang.Object)'> (0x000000070d8bbf68) 
thrown [t:\workspace\open\src\hotspot\share\interpreter\linkResolver.cpp, line 766]
Event: 6.973 Thread 0x000001c74f2fe380 Exception <a 'java/lang/IncompatibleClassChangeError'{0x000000070d8bfd60}: Found class java.lang.Object, but interface was expected> (0x000000070d8bfd60) 
thrown [t:\workspace\open\src\hotspot\share\interpreter\linkResolver.cpp, line 833]
Event: 6.988 Thread 0x000001c74f2fe380 Exception <a 'java/lang/NoSuchMethodError'{0x000000070d8e5ed8}: 'java.lang.Object java.lang.invoke.DirectMethodHandle$Holder.invokeVirtual(java.lang.Object, java.lang.Object, java.lang.Object)'> (0x000000070d8e5ed8) 
thrown [t:\workspace\open\src\hotspot\share\interpreter\linkResolver.cpp, line 766]

VM Operations (20 events):
Event: 0.998 Executing VM operation: ICBufferFull
Event: 0.998 Executing VM operation: ICBufferFull done
Event: 1.057 Executing VM operation: HandshakeAllThreads
Event: 1.057 Executing VM operation: HandshakeAllThreads done
Event: 1.212 Executing VM operation: HandshakeAllThreads
Event: 1.212 Executing VM operation: HandshakeAllThreads done
Event: 1.257 Executing VM operation: G1CollectForAllocation
Event: 1.264 Executing VM operation: G1CollectForAllocation done
Event: 1.317 Executing VM operation: HandshakeAllThreads
Event: 1.317 Executing VM operation: HandshakeAllThreads done
Event: 2.322 Executing VM operation: Cleanup
Event: 2.323 Executing VM operation: Cleanup done
Event: 3.335 Executing VM operation: Cleanup
Event: 3.335 Executing VM operation: Cleanup done
Event: 4.144 Executing VM operation: G1CollectForAllocation
Event: 4.153 Executing VM operation: G1CollectForAllocation done
Event: 5.153 Executing VM operation: Cleanup
Event: 5.153 Executing VM operation: Cleanup done
Event: 6.165 Executing VM operation: Cleanup
Event: 6.165 Executing VM operation: Cleanup done

Events (20 events):
Event: 3.174 loading class java/lang/NegativeArraySizeException
Event: 3.174 loading class java/lang/NegativeArraySizeException done
Event: 3.175 loading class java/lang/ArrayIndexOutOfBoundsException
Event: 3.175 loading class java/lang/ArrayIndexOutOfBoundsException done
Event: 3.244 Thread 0x000001c77623d160 Thread added: 0x000001c77623d160
Event: 3.261 loading class sun/net/ProgressMonitor
Event: 3.261 loading class sun/net/ProgressMonitor done
Event: 3.261 loading class sun/net/DefaultProgressMeteringPolicy
Event: 3.261 loading class sun/net/ProgressMeteringPolicy
Event: 3.261 loading class sun/net/ProgressMeteringPolicy done
Event: 3.261 loading class sun/net/DefaultProgressMeteringPolicy done
Event: 3.558 Thread 0x000001c77623d160 Thread exited: 0x000001c77623d160
Event: 3.661 loading class java/util/regex/Pattern$1
Event: 3.661 loading class java/util/regex/Pattern$1 done
Event: 4.789 Thread 0x000001c7763c4920 Thread added: 0x000001c7763c4920
Event: 4.975 loading class jdk/internal/access/foreign/MemorySegmentProxy
Event: 4.976 loading class jdk/internal/access/foreign/MemorySegmentProxy done
Event: 5.296 Thread 0x000001c7763c4920 Thread exited: 0x000001c7763c4920
Event: 6.990 loading class java/util/regex/Pattern$1MatcherIterator
Event: 6.991 loading class java/util/regex/Pattern$1MatcherIterator done


Dynamic libraries:
0x00007ff65bd20000 - 0x00007ff65bd30000 	C:\Program Files\Java\jdk-17.0.2\bin\java.exe
0x00007ffc2f9d0000 - 0x00007ffc2fbc5000 	C:\WINDOWS\SYSTEM32\ntdll.dll
0x00007ffc2e060000 - 0x00007ffc2e11e000 	C:\WINDOWS\System32\KERNEL32.DLL
0x00007ffc2d250000 - 0x00007ffc2d518000 	C:\WINDOWS\System32\KERNELBASE.dll
0x00007ffc2d520000 - 0x00007ffc2d620000 	C:\WINDOWS\System32\ucrtbase.dll
0x00007ffc28bf0000 - 0x00007ffc28c0a000 	C:\Program Files\Java\jdk-17.0.2\bin\VCRUNTIME140.dll
0x00007ffc28c10000 - 0x00007ffc28c28000 	C:\Program Files\Java\jdk-17.0.2\bin\jli.dll
0x00007ffc2dca0000 - 0x00007ffc2dd4e000 	C:\WINDOWS\System32\ADVAPI32.dll
0x00007ffc2de90000 - 0x00007ffc2df2e000 	C:\WINDOWS\System32\msvcrt.dll
0x00007ffc2e130000 - 0x00007ffc2e1cc000 	C:\WINDOWS\System32\sechost.dll
0x00007ffc2e7b0000 - 0x00007ffc2e8d5000 	C:\WINDOWS\System32\RPCRT4.dll
0x00007ffc2f1e0000 - 0x00007ffc2f380000 	C:\WINDOWS\System32\USER32.dll
0x00007ffc16d10000 - 0x00007ffc16faa000 	C:\WINDOWS\WinSxS\amd64_microsoft.windows.common-controls_6595b64144ccf1df_6.0.19041.1110_none_60b5254171f9507e\COMCTL32.dll
0x00007ffc2d7f0000 - 0x00007ffc2d812000 	C:\WINDOWS\System32\win32u.dll
0x00007ffc2e780000 - 0x00007ffc2e7aa000 	C:\WINDOWS\System32\GDI32.dll
0x00007ffc2d620000 - 0x00007ffc2d72b000 	C:\WINDOWS\System32\gdi32full.dll
0x00007ffc24a30000 - 0x00007ffc24a3a000 	C:\WINDOWS\SYSTEM32\VERSION.dll
0x00007ffc2d820000 - 0x00007ffc2d8bd000 	C:\WINDOWS\System32\msvcp_win.dll
0x00007ffc2db50000 - 0x00007ffc2db80000 	C:\WINDOWS\System32\IMM32.DLL
0x00007ffc25280000 - 0x00007ffc2528c000 	C:\Program Files\Java\jdk-17.0.2\bin\vcruntime140_1.dll
0x00007ffbfd0a0000 - 0x00007ffbfd12d000 	C:\Program Files\Java\jdk-17.0.2\bin\msvcp140.dll
0x00007ffbc6060000 - 0x00007ffbc6c21000 	C:\Program Files\Java\jdk-17.0.2\bin\server\jvm.dll
0x00007ffc2e120000 - 0x00007ffc2e128000 	C:\WINDOWS\System32\PSAPI.DLL
0x00007ffc17270000 - 0x00007ffc17297000 	C:\WINDOWS\SYSTEM32\WINMM.dll
0x00007ffc0bdf0000 - 0x00007ffc0bdf9000 	C:\WINDOWS\SYSTEM32\WSOCK32.dll
0x00007ffc2e710000 - 0x00007ffc2e77b000 	C:\WINDOWS\System32\WS2_32.dll
0x00007ffc2b010000 - 0x00007ffc2b022000 	C:\WINDOWS\SYSTEM32\kernel.appcore.dll
0x00007ffc250b0000 - 0x00007ffc250ba000 	C:\Program Files\Java\jdk-17.0.2\bin\jimage.dll
0x00007ffc19d00000 - 0x00007ffc19ee4000 	C:\WINDOWS\SYSTEM32\DBGHELP.DLL
0x00007ffc13970000 - 0x00007ffc1399c000 	C:\WINDOWS\SYSTEM32\dbgcore.DLL
0x00007ffc2d9a0000 - 0x00007ffc2da22000 	C:\WINDOWS\System32\bcryptPrimitives.dll
0x00007ffc13a60000 - 0x00007ffc13a85000 	C:\Program Files\Java\jdk-17.0.2\bin\java.dll
0x00007ffbfcfc0000 - 0x00007ffbfd096000 	C:\Program Files\Java\jdk-17.0.2\bin\jsvml.dll
0x00007ffc2e9e0000 - 0x00007ffc2f124000 	C:\WINDOWS\System32\SHELL32.dll
0x00007ffc2b210000 - 0x00007ffc2b9a4000 	C:\WINDOWS\SYSTEM32\windows.storage.dll
0x00007ffc2f3e0000 - 0x00007ffc2f734000 	C:\WINDOWS\System32\combase.dll
0x00007ffc2cb60000 - 0x00007ffc2cb8c000 	C:\WINDOWS\SYSTEM32\Wldp.dll
0x00007ffc2db80000 - 0x00007ffc2dc2d000 	C:\WINDOWS\System32\SHCORE.dll
0x00007ffc2f380000 - 0x00007ffc2f3d5000 	C:\WINDOWS\System32\shlwapi.dll
0x00007ffc2d030000 - 0x00007ffc2d04f000 	C:\WINDOWS\SYSTEM32\profapi.dll
0x00007ffc25030000 - 0x00007ffc25049000 	C:\Program Files\Java\jdk-17.0.2\bin\net.dll
0x00007ffc1bf00000 - 0x00007ffc1c00a000 	C:\WINDOWS\SYSTEM32\WINHTTP.dll
0x00007ffc2c8c0000 - 0x00007ffc2c92a000 	C:\WINDOWS\system32\mswsock.dll
0x00007ffc217f0000 - 0x00007ffc21806000 	C:\Program Files\Java\jdk-17.0.2\bin\nio.dll
0x00007ffc0f1e0000 - 0x00007ffc0f1f8000 	C:\Program Files\Java\jdk-17.0.2\bin\zip.dll
0x00007ffc0a920000 - 0x00007ffc0a929000 	C:\Program Files\Java\jdk-17.0.2\bin\management.dll
0x00007ffc097f0000 - 0x00007ffc097fb000 	C:\Program Files\Java\jdk-17.0.2\bin\management_ext.dll
0x000000006e700000 - 0x000000006e72a000 	C:\Users\Skutlis\AppData\Local\Temp\libgdxSkutlis\e1cd32f8\gdx64.dll
0x00007ffc00de0000 - 0x00007ffc00e44000 	C:\Users\Skutlis\AppData\Local\Temp\lwjglSkutlis\3.2.3-build-13\lwjgl.dll
0x00007ffbc5e00000 - 0x00007ffbc6053000 	C:\Users\Skutlis\AppData\Local\Temp\lwjglSkutlis\3.2.3-build-13\jemalloc.dll
0x00007ffbf26b0000 - 0x00007ffbf2712000 	C:\Users\Skutlis\AppData\Local\Temp\lwjglSkutlis\3.2.3-build-13\glfw.dll
0x00007ffc2ab30000 - 0x00007ffc2abce000 	C:\WINDOWS\system32\uxtheme.dll
0x00007ffbff6a0000 - 0x00007ffbff6e5000 	C:\WINDOWS\SYSTEM32\dinput8.dll
0x00007ffc07930000 - 0x00007ffc07941000 	C:\WINDOWS\SYSTEM32\xinput1_4.dll
0x00007ffc2d730000 - 0x00007ffc2d77e000 	C:\WINDOWS\System32\cfgmgr32.dll
0x00007ffc2cea0000 - 0x00007ffc2cecc000 	C:\WINDOWS\SYSTEM32\DEVOBJ.dll
0x00007ffc2ad20000 - 0x00007ffc2ad4f000 	C:\WINDOWS\SYSTEM32\dwmapi.dll
0x00007ffc1e490000 - 0x00007ffc1e5e2000 	C:\WINDOWS\SYSTEM32\inputhost.dll
0x00007ffc2e1d0000 - 0x00007ffc2e29d000 	C:\WINDOWS\System32\OLEAUT32.dll
0x00007ffc2a650000 - 0x00007ffc2a742000 	C:\WINDOWS\SYSTEM32\CoreMessaging.dll
0x00007ffc28cc0000 - 0x00007ffc28db6000 	C:\WINDOWS\SYSTEM32\PROPSYS.dll
0x00007ffc29c10000 - 0x00007ffc29d64000 	C:\WINDOWS\SYSTEM32\wintypes.dll
0x00007ffc2a2f0000 - 0x00007ffc2a64e000 	C:\WINDOWS\SYSTEM32\CoreUIComponents.dll
0x00007ffc2be00000 - 0x00007ffc2be33000 	C:\WINDOWS\SYSTEM32\ntmarta.dll
0x00007ffc2da30000 - 0x00007ffc2db45000 	C:\WINDOWS\System32\MSCTF.dll
0x00007ffc2b9b0000 - 0x00007ffc2b9bd000 	C:\WINDOWS\SYSTEM32\HID.DLL
0x00007ffc2e2a0000 - 0x00007ffc2e70a000 	C:\WINDOWS\System32\SETUPAPI.DLL
0x00007ffc2d8c0000 - 0x00007ffc2d8e7000 	C:\WINDOWS\System32\bcrypt.dll
0x00007ffc2d780000 - 0x00007ffc2d7e8000 	C:\WINDOWS\System32\WINTRUST.dll
0x00007ffc2d0f0000 - 0x00007ffc2d246000 	C:\WINDOWS\System32\CRYPT32.dll
0x00007ffc2cce0000 - 0x00007ffc2ccf2000 	C:\WINDOWS\SYSTEM32\MSASN1.dll
0x00007ffbce850000 - 0x00007ffbce95b000 	C:\Users\Skutlis\AppData\Local\Temp\lwjglSkutlis\3.2.3-build-13\OpenAL.dll
0x00007ffc2df30000 - 0x00007ffc2e05a000 	C:\WINDOWS\System32\ole32.dll
0x00007ffc2f130000 - 0x00007ffc2f1d9000 	C:\WINDOWS\System32\clbcatq.dll
0x00007ffc24b40000 - 0x00007ffc24bc5000 	C:\WINDOWS\System32\MMDevApi.dll
0x00007ffc25320000 - 0x00007ffc254a2000 	C:\WINDOWS\SYSTEM32\AUDIOSES.DLL
0x00007ffc2c6d0000 - 0x00007ffc2c71b000 	C:\WINDOWS\SYSTEM32\powrprof.dll
0x00007ffc2c540000 - 0x00007ffc2c552000 	C:\WINDOWS\SYSTEM32\UMPDC.dll
0x00007ffc2ac20000 - 0x00007ffc2ac34000 	C:\WINDOWS\SYSTEM32\resourcepolicyclient.dll
0x00007ffbf8440000 - 0x00007ffbf8566000 	C:\WINDOWS\SYSTEM32\opengl32.dll
0x00007ffbfae80000 - 0x00007ffbfaeac000 	C:\WINDOWS\SYSTEM32\GLU32.dll
0x00007ffbae650000 - 0x00007ffbb160f000 	C:\WINDOWS\System32\DriverStore\FileRepository\nvaci.inf_amd64_a88f3791f9fa8757\nvoglv64.dll
0x00007ffc28e20000 - 0x00007ffc28e34000 	C:\WINDOWS\SYSTEM32\WTSAPI32.dll
0x00007ffc2cad0000 - 0x00007ffc2cadc000 	C:\WINDOWS\SYSTEM32\CRYPTBASE.DLL
0x00007ffc22f20000 - 0x00007ffc22f51000 	C:\WINDOWS\SYSTEM32\cryptnet.dll
0x00007ffc1e000000 - 0x00007ffc1e148000 	C:\WINDOWS\SYSTEM32\drvstore.dll
0x00007ffc27bb0000 - 0x00007ffc27beb000 	C:\WINDOWS\SYSTEM32\dxcore.dll
0x00007ffbd8440000 - 0x00007ffbd8705000 	C:\WINDOWS\system32\nvspcap64.dll
0x00007ffc2beb0000 - 0x00007ffc2bf0a000 	C:\WINDOWS\SYSTEM32\WINSTA.dll
0x00007ffc2ba10000 - 0x00007ffc2bb03000 	C:\WINDOWS\system32\dxgi.dll
0x00007ffc28e40000 - 0x00007ffc290a4000 	C:\WINDOWS\system32\d3d11.dll
0x00007ffc2e8e0000 - 0x00007ffc2e8fd000 	C:\WINDOWS\System32\imagehlp.dll
0x00007ffc2cab0000 - 0x00007ffc2cac8000 	C:\WINDOWS\SYSTEM32\CRYPTSP.dll
0x00007ffc2c1d0000 - 0x00007ffc2c204000 	C:\WINDOWS\system32\rsaenh.dll
0x00007ffc1c1a0000 - 0x00007ffc1c901000 	C:\WINDOWS\SYSTEM32\nvapi64.dll
0x00007ffbf2650000 - 0x00007ffbf26a9000 	C:\Users\Skutlis\AppData\Local\Temp\lwjglSkutlis\3.2.3-build-13\lwjgl_opengl.dll
0x00007ffc1e5f0000 - 0x00007ffc1e6e9000 	C:\WINDOWS\SYSTEM32\textinputframework.dll

dbghelp: loaded successfully - version: 4.0.5 - missing functions: none
symbol engine: initialized successfully - sym options: 0x614 - pdb path: .;C:\Program Files\Java\jdk-17.0.2\bin;C:\WINDOWS\SYSTEM32;C:\WINDOWS\WinSxS\amd64_microsoft.windows.common-controls_6595b64144ccf1df_6.0.19041.1110_none_60b5254171f9507e;C:\Program Files\Java\jdk-17.0.2\bin\server;C:\Users\Skutlis\AppData\Local\Temp\libgdxSkutlis\e1cd32f8;C:\Users\Skutlis\AppData\Local\Temp\lwjglSkutlis\3.2.3-build-13;C:\WINDOWS\System32\DriverStore\FileRepository\nvaci.inf_amd64_a88f3791f9fa8757

VM Arguments:
java_command: C:\Users\Skutlis\AppData\Local\Temp\surefire12232132154877224475\surefirebooter14092765702841497850.jar C:\Users\Skutlis\AppData\Local\Temp\surefire12232132154877224475 2022-04-29T16-17-55_743-jvmRun1 surefire14239659444803501117tmp surefire_017951456728858878705tmp
java_class_path (initial): C:\Users\Skutlis\AppData\Local\Temp\surefire12232132154877224475\surefirebooter14092765702841497850.jar
Launcher Type: SUN_STANDARD

[Global flags]
     intx CICompilerCount                          = 4                                         {product} {ergonomic}
     uint ConcGCThreads                            = 2                                         {product} {ergonomic}
     uint G1ConcRefinementThreads                  = 8                                         {product} {ergonomic}
   size_t G1HeapRegionSize                         = 2097152                                   {product} {ergonomic}
    uintx GCDrainStackTargetSize                   = 64                                        {product} {ergonomic}
   size_t InitialHeapSize                          = 264241152                                 {product} {ergonomic}
   size_t MarkStackSize                            = 4194304                                   {product} {ergonomic}
   size_t MaxHeapSize                              = 4221566976                                {product} {ergonomic}
   size_t MaxNewSize                               = 2531262464                                {product} {ergonomic}
   size_t MinHeapDeltaBytes                        = 2097152                                   {product} {ergonomic}
   size_t MinHeapSize                              = 8388608                                   {product} {ergonomic}
    uintx NonNMethodCodeHeapSize                   = 5839372                                {pd product} {ergonomic}
    uintx NonProfiledCodeHeapSize                  = 122909434                              {pd product} {ergonomic}
    uintx ProfiledCodeHeapSize                     = 122909434                              {pd product} {ergonomic}
    uintx ReservedCodeCacheSize                    = 251658240                              {pd product} {ergonomic}
     bool SegmentedCodeCache                       = true                                      {product} {ergonomic}
   size_t SoftMaxHeapSize                          = 4221566976                             {manageable} {ergonomic}
     bool UseCompressedClassPointers               = true                           {product lp64_product} {ergonomic}
     bool UseCompressedOops                        = true                           {product lp64_product} {ergonomic}
     bool UseG1GC                                  = true                                      {product} {ergonomic}
     bool UseLargePagesIndividualAllocation        = false                                  {pd product} {ergonomic}

Logging:
Log output configuration:
 #0: stdout all=warning uptime,level,tags
 #1: stderr all=off uptime,level,tags

Environment Variables:
PATH=C:\Program Files\Common Files\Oracle\Java\javapath;C:\Program Files (x86)\Common Files\Oracle\Java\javapath;C:\Windows\system32;C:\Windows;C:\Windows\System32\Wbem;C:\Windows\System32\WindowsPowerShell\v1.0\;C:\Windows\System32\OpenSSH\;C:\Program Files (x86)\NVIDIA Corporation\PhysX\Common;C:\Program Files\Java\jdk-13.0.2\bin;C:\Program Files\nodejs\;C:\WINDOWS\system32;C:\WINDOWS;C:\WINDOWS\System32\Wbem;C:\WINDOWS\System32\WindowsPowerShell\v1.0\;C:\WINDOWS\System32\OpenSSH\;C:\ProgramData\chocolatey\bin;C:\Users\Skutlis\AppData\Local\Programs\Python\Python39;C:\Program Files (x86)\IVI Foundation\VISA\WinNT\Bin;C:\Users\Skutlis\AppData\Local\Programs\MiKTeX;C:\Program Files\NVIDIA Corporation\NVIDIA NvDLISR;C:\Program Files\dotnet\;C:\Program Files\GitHub CLI\;C:\Program Files\Git\cmd;C:\Program Files\MySQL\MySQL Shell 8.0\bin\;C:\Users\Skutlis\AppData\Local\Programs\Python\Python39\Scripts\;C:\Users\Skutlis\AppData\Local\Programs\Python\Python39\;C:\Users\Skutlis\AppData\Roaming\local\bin;C:\Users\Skutlis\AppData\Local\Programs\Python\Python38-32\Scripts\;C:\Users\Skutlis\AppData\Local\Programs\Python\Python38-32\;C:\Users\Skutlis\AppData\Local\Microsoft\WindowsApps;C:\Users\Skutlis\AppData\Local\Programs\Microsoft VS Code\bin;C:\Program Files\JetBrains\WebStorm 2020.1.1\bin;;C:\Users\Skutlis\AppData\Roaming\npm;C:\Program Files\JetBrains\PyCharm 2020.2\bin;;C:\Users\Skutlis\AppData\Roaming\cabal\bin;C:\ProgramData\chocolatey\lib\ghc\tools\ghc-8.10.2\bin;C:\tools\msys64;C:\Users\Skutlis\AppData\Local\GitHubDesktop\bin;C:\Users\Skutlis\AppData\Local\Programs\MiKTeX\miktex\bin\x64\;C:\Users\Skutlis\.dotnet\tools
USERNAME=Skutlis
OS=Windows_NT
PROCESSOR_IDENTIFIER=Intel64 Family 6 Model 142 Stepping 12, GenuineIntel



---------------  S Y S T E M  ---------------

OS:
 Windows 10 , 64 bit Build 19041 (10.0.19041.1645)
OS uptime: 11 days 1:20 hours

CPU: total 8 (initial active 8) (4 cores per cpu, 2 threads per core) family 6 model 142 stepping 12 microcode 0xc0, cx8, cmov, fxsr, ht, mmx, 3dnowpref, sse, sse2, sse3, ssse3, sse4.1, sse4.2, popcnt, lzcnt, tsc, tscinvbit, avx, avx2, aes, erms, clmul, bmi1, bmi2, adx, fma, vzeroupper, clflush, clflushopt

Memory: 4k page, system-wide physical 16100M (5614M free)
TotalPageFile size 22244M (AvailPageFile size 6088M)
current process WorkingSet (physical memory assigned to process): 238M, peak: 271M
current process commit charge ("private bytes"): 535M, peak: 567M

vm_info: Java HotSpot(TM) 64-Bit Server VM (17.0.2+8-LTS-86) for windows-amd64 JRE (17.0.2+8-LTS-86), built on Dec  7 2021 21:51:03 by "mach5one" with MS VC++ 16.8 / 16.9 (VS2019)

END.
